<?xml version="1.0" encoding="UTF-8"?>
<!-- Generated by org.testng.reporters.JUnitXMLReporter -->
<testsuite hostname="DESKTOP-TACGRCR" ignored="0" name="validating navigation bar" tests="2" failures="0" timestamp="2020-07-04T10:21:42 IST" time="7.474" errors="0">
  <testcase name="basePageNavigation" time="0.0" classname="Academy.E2EProject.homePage">
    <skipped/>
  </testcase> <!-- basePageNavigation -->
  <testcase name="basePageNavigation" time="0.0" classname="Academy.E2EProject.validateNavigationBar">
    <skipped/>
  </testcase> <!-- basePageNavigation -->
</testsuite> <!-- validating navigation bar -->
