<?xml version="1.0" encoding="UTF-8"?>
<!-- Generated by org.testng.reporters.JUnitXMLReporter -->
<testsuite hostname="DESKTOP-TACGRCR" ignored="0" name="validating title in the page" tests="2" failures="0" timestamp="2020-05-12T15:09:19 IST" time="59.439" errors="0">
  <testcase name="basePageNavigation" time="0.842" classname="Academy.E2EProject.validateTitle"/>
  <testcase name="basePageNavigation" time="0.539" classname="Academy.E2EProject.validateNavigationBar"/>
</testsuite> <!-- validating title in the page -->
