<?xml version="1.0" encoding="UTF-8"?>
<testsuite xmlns:xsi="http://www.w3.org/2001/XMLSchema-instance" xsi:noNamespaceSchemaLocation="https://maven.apache.org/surefire/maven-surefire-plugin/xsd/surefire-test-report-3.0.xsd" version="3.0" name="TestSuite" time="155.359" tests="7" errors="0" skipped="0" failures="2">
  <properties>
[...]
</properties>
  <testcase name="basePageNavigation" classname="Academy.E2EProject.validateNavigationBar" time="0.57"/>
  <testcase name="basePageNavigation" classname="Academy.E2EProject.validateTitle" time="0.571"/>
  <testcase name="basePageNavigation" classname="Academy.E2EProject.validateTitle" time="0.031"/>
  <testcase name="basePageNavigation" classname="Academy.E2EProject.homePage" time="14.803"/>
  <testcase name="basePageNavigation" classname="Academy.E2EProject.homePage" time="8.233"/>
  <testcase name="feature" classname="Testrunnerpackage.testRunner" time="66.389">
    <failure message="org.openqa.selenium.NoSuchElementException: no such element: Unable to locate element: {&quot;method&quot;:&quot;xpath&quot;,&quot;selector&quot;:&quot;//input[@id=&apos;search-courses&apos;]&quot;}&#10;  (Session info: chrome=81.0.4044.138)&#10;For documentation on this error, please visit: https://www.seleniumhq.org/exceptions/no_such_element.html&#10;Build info: version: &apos;3.141.59&apos;, revision: &apos;e82be7d358&apos;, time: &apos;2018-11-14T08:17:03&apos;&#10;System info: host: &apos;DESKTOP-TACGRCR&apos;, ip: &apos;192.168.1.106&apos;, os.name: &apos;Windows 10&apos;, os.arch: &apos;amd64&apos;, os.version: &apos;10.0&apos;, java.version: &apos;1.8.0_241&apos;&#10;Driver info: org.openqa.selenium.chrome.ChromeDriver&#10;Capabilities {acceptInsecureCerts: false, browserName: chrome, browserVersion: 81.0.4044.138, chrome: {chromedriverVersion: 80.0.3987.106 (f68069574609..., userDataDir: C:\Users\HP\AppData\Local\T...}, goog:chromeOptions: {debuggerAddress: localhost:50444}, javascriptEnabled: true, networkConnectionEnabled: false, pageLoadStrategy: normal, platform: WINDOWS, platformName: WINDOWS, proxy: Proxy(), setWindowRect: true, strictFileInteractability: false, timeouts: {implicit: 0, pageLoad: 300000, script: 30000}, unhandledPromptBehavior: dismiss and notify}&#10;Session ID: b3b9629986222b95babab020c75edde2&#10;*** Element info: {Using=xpath, value=//input[@id=&apos;search-courses&apos;]}" type="cucumber.runtime.CucumberException"><![CDATA[cucumber.runtime.CucumberException: 
org.openqa.selenium.NoSuchElementException: no such element: Unable to locate element: {"method":"xpath","selector":"//input[@id='search-courses']"}
  (Session info: chrome=81.0.4044.138)
For documentation on this error, please visit: https://www.seleniumhq.org/exceptions/no_such_element.html
Build info: version: '3.141.59', revision: 'e82be7d358', time: '2018-11-14T08:17:03'
System info: host: 'DESKTOP-TACGRCR', ip: '192.168.1.106', os.name: 'Windows 10', os.arch: 'amd64', os.version: '10.0', java.version: '1.8.0_241'
Driver info: org.openqa.selenium.chrome.ChromeDriver
Capabilities {acceptInsecureCerts: false, browserName: chrome, browserVersion: 81.0.4044.138, chrome: {chromedriverVersion: 80.0.3987.106 (f68069574609..., userDataDir: C:\Users\HP\AppData\Local\T...}, goog:chromeOptions: {debuggerAddress: localhost:50444}, javascriptEnabled: true, networkConnectionEnabled: false, pageLoadStrategy: normal, platform: WINDOWS, platformName: WINDOWS, proxy: Proxy(), setWindowRect: true, strictFileInteractability: false, timeouts: {implicit: 0, pageLoad: 300000, script: 30000}, unhandledPromptBehavior: dismiss and notify}
Session ID: b3b9629986222b95babab020c75edde2
*** Element info: {Using=xpath, value=//input[@id='search-courses']}
Caused by: org.openqa.selenium.NoSuchElementException: 
no such element: Unable to locate element: {"method":"xpath","selector":"//input[@id='search-courses']"}
  (Session info: chrome=81.0.4044.138)
For documentation on this error, please visit: https://www.seleniumhq.org/exceptions/no_such_element.html
Build info: version: '3.141.59', revision: 'e82be7d358', time: '2018-11-14T08:17:03'
System info: host: 'DESKTOP-TACGRCR', ip: '192.168.1.106', os.name: 'Windows 10', os.arch: 'amd64', os.version: '10.0', java.version: '1.8.0_241'
Driver info: org.openqa.selenium.chrome.ChromeDriver
Capabilities {acceptInsecureCerts: false, browserName: chrome, browserVersion: 81.0.4044.138, chrome: {chromedriverVersion: 80.0.3987.106 (f68069574609..., userDataDir: C:\Users\HP\AppData\Local\T...}, goog:chromeOptions: {debuggerAddress: localhost:50444}, javascriptEnabled: true, networkConnectionEnabled: false, pageLoadStrategy: normal, platform: WINDOWS, platformName: WINDOWS, proxy: Proxy(), setWindowRect: true, strictFileInteractability: false, timeouts: {implicit: 0, pageLoad: 300000, script: 30000}, unhandledPromptBehavior: dismiss and notify}
Session ID: b3b9629986222b95babab020c75edde2
*** Element info: {Using=xpath, value=//input[@id='search-courses']}
]]></failure>
    <system-err><![CDATA[[1589276383.549][SEVERE]: Timed out receiving message from renderer: 0.100
[1589276383.651][SEVERE]: Timed out receiving message from renderer: 0.100
[1589276383.755][SEVERE]: Timed out receiving message from renderer: 0.100
[1589276383.857][SEVERE]: Timed out receiving message from renderer: 0.100
[1589276383.959][SEVERE]: Timed out receiving message from renderer: 0.100
[1589276384.061][SEVERE]: Timed out receiving message from renderer: 0.100
[1589276384.390][SEVERE]: Timed out receiving message from renderer: 0.100
[1589276384.496][SEVERE]: Timed out receiving message from renderer: 0.100
[1589276395.620][SEVERE]: Timed out receiving message from renderer: 0.100
[1589276395.722][SEVERE]: Timed out receiving message from renderer: 0.100
[1589276395.824][SEVERE]: Timed out receiving message from renderer: 0.100
[1589276395.928][SEVERE]: Timed out receiving message from renderer: 0.100
[1589276396.029][SEVERE]: Timed out receiving message from renderer: 0.100
[1589276396.130][SEVERE]: Timed out receiving message from renderer: 0.100
[1589276396.231][SEVERE]: Timed out receiving message from renderer: 0.100
[1589276396.333][SEVERE]: Timed out receiving message from renderer: 0.100
[1589276396.434][SEVERE]: Timed out receiving message from renderer: 0.100
[1589276396.535][SEVERE]: Timed out receiving message from renderer: 0.100
[1589276396.636][SEVERE]: Timed out receiving message from renderer: 0.100
[1589276396.738][SEVERE]: Timed out receiving message from renderer: 0.100
Starting ChromeDriver 80.0.3987.106 (f68069574609230cf9b635cd784cfb1bf81bb53a-refs/branch-heads/3987@{#882}) on port 1044
Only local connections are allowed.
Please protect ports used by ChromeDriver and related test frameworks to prevent access by malicious code.
[1589276410.876][WARNING]: This version of ChromeDriver has not been tested with Chrome version 81.
[1589276412.934][WARNING]: Timed out connecting to Chrome, retrying...
May 12, 2020 3:10:14 PM org.openqa.selenium.remote.ProtocolHandshake createSession
INFO: Detected dialect: W3C
[1589276415.487][SEVERE]: Timed out receiving message from renderer: 0.100
[1589276415.589][SEVERE]: Timed out receiving message from renderer: 0.100
[1589276416.531][SEVERE]: Timed out receiving message from renderer: 0.100
[1589276416.633][SEVERE]: Timed out receiving message from renderer: 0.100
[1589276416.735][SEVERE]: Timed out receiving message from renderer: 0.100
[1589276416.837][SEVERE]: Timed out receiving message from renderer: 0.100
[1589276416.938][SEVERE]: Timed out receiving message from renderer: 0.100
[1589276417.040][SEVERE]: Timed out receiving message from renderer: 0.100
[1589276417.141][SEVERE]: Timed out receiving message from renderer: 0.100
[1589276417.243][SEVERE]: Timed out receiving message from renderer: 0.100
[1589276417.345][SEVERE]: Timed out receiving message from renderer: 0.100
[1589276417.450][SEVERE]: Timed out receiving message from renderer: 0.100
[1589276417.553][SEVERE]: Timed out receiving message from renderer: 0.100
[1589276417.809][SEVERE]: Timed out receiving message from renderer: 0.100
[1589276417.910][SEVERE]: Timed out receiving message from renderer: 0.100
[1589276418.044][SEVERE]: Timed out receiving message from renderer: 0.100
[1589276418.145][SEVERE]: Timed out receiving message from renderer: 0.100
[1589276418.247][SEVERE]: Timed out receiving message from renderer: 0.100
[1589276430.327][SEVERE]: Timed out receiving message from renderer: 0.100
[1589276430.429][SEVERE]: Timed out receiving message from renderer: 0.100
[1589276430.530][SEVERE]: Timed out receiving message from renderer: 0.100
[1589276430.631][SEVERE]: Timed out receiving message from renderer: 0.100
[1589276430.732][SEVERE]: Timed out receiving message from renderer: 0.100
[1589276430.833][SEVERE]: Timed out receiving message from renderer: 0.100
[1589276430.935][SEVERE]: Timed out receiving message from renderer: 0.100
[1589276431.036][SEVERE]: Timed out receiving message from renderer: 0.100
[1589276431.137][SEVERE]: Timed out receiving message from renderer: 0.100
[1589276431.239][SEVERE]: Timed out receiving message from renderer: 0.100
[1589276431.341][SEVERE]: Timed out receiving message from renderer: 0.100
[1589276431.442][SEVERE]: Timed out receiving message from renderer: 0.100
[1589276431.544][SEVERE]: Timed out receiving message from renderer: 0.100
[1589276431.645][SEVERE]: Timed out receiving message from renderer: 0.100
[1589276431.746][SEVERE]: Timed out receiving message from renderer: 0.100
[1589276431.849][SEVERE]: Timed out receiving message from renderer: 0.100
[1589276431.950][SEVERE]: Timed out receiving message from renderer: 0.100
[1589276432.051][SEVERE]: Timed out receiving message from renderer: 0.100
[1589276432.153][SEVERE]: Timed out receiving message from renderer: 0.100
[1589276432.254][SEVERE]: Timed out receiving message from renderer: 0.100
[1589276432.355][SEVERE]: Timed out receiving message from renderer: 0.100
[1589276432.456][SEVERE]: Timed out receiving message from renderer: 0.100
[1589276432.557][SEVERE]: Timed out receiving message from renderer: 0.100
[1589276432.658][SEVERE]: Timed out receiving message from renderer: 0.100
[1589276432.760][SEVERE]: Timed out receiving message from renderer: 0.100
[1589276432.861][SEVERE]: Timed out receiving message from renderer: 0.100
[1589276432.962][SEVERE]: Timed out receiving message from renderer: 0.100
[1589276433.064][SEVERE]: Timed out receiving message from renderer: 0.100
[1589276433.166][SEVERE]: Timed out receiving message from renderer: 0.100
[1589276433.268][SEVERE]: Timed out receiving message from renderer: 0.100
[1589276433.369][SEVERE]: Timed out receiving message from renderer: 0.100
[1589276433.470][SEVERE]: Timed out receiving message from renderer: 0.100
[1589276433.572][SEVERE]: Timed out receiving message from renderer: 0.100
[1589276433.674][SEVERE]: Timed out receiving message from renderer: 0.100
[1589276433.776][SEVERE]: Timed out receiving message from renderer: 0.100
[1589276433.878][SEVERE]: Timed out receiving message from renderer: 0.100
[1589276433.979][SEVERE]: Timed out receiving message from renderer: 0.100
[1589276434.080][SEVERE]: Timed out receiving message from renderer: 0.100
[1589276434.182][SEVERE]: Timed out receiving message from renderer: 0.100
[1589276434.283][SEVERE]: Timed out receiving message from renderer: 0.100
[1589276434.385][SEVERE]: Timed out receiving message from renderer: 0.100
[1589276434.486][SEVERE]: Timed out receiving message from renderer: 0.100
[1589276434.588][SEVERE]: Timed out receiving message from renderer: 0.100
]]></system-err>
  </testcase>
  <testcase name="feature" classname="Testrunnerpackage.testRunner" time="68.376">
    <failure type="java.lang.NullPointerException"><![CDATA[java.lang.NullPointerException
]]></failure>
    <system-err><![CDATA[java.lang.NoSuchFieldException: driver
	at java.lang.Class.getDeclaredField(Class.java:2070)
	at Academy.E2EProject.Listeners.onTestFailure(Listeners.java:45)
	at org.testng.internal.TestListenerHelper.runTestListeners(TestListenerHelper.java:66)
	at org.testng.internal.TestInvoker.runTestResultListener(TestInvoker.java:219)
	at org.testng.internal.TestInvoker.invokeMethod(TestInvoker.java:651)
	at org.testng.internal.TestInvoker.invokeTestMethod(TestInvoker.java:173)
	at org.testng.internal.MethodRunner.runInSequence(MethodRunner.java:46)
	at org.testng.internal.TestInvoker$MethodInvocationAgent.invoke(TestInvoker.java:816)
	at org.testng.internal.TestInvoker.invokeTestMethods(TestInvoker.java:146)
	at org.testng.internal.TestMethodWorker.invokeTestMethods(TestMethodWorker.java:146)
	at org.testng.internal.TestMethodWorker.run(TestMethodWorker.java:128)
	at java.util.ArrayList.forEach(ArrayList.java:1257)
	at org.testng.TestRunner.privateRun(TestRunner.java:766)
	at org.testng.TestRunner.run(TestRunner.java:587)
	at org.testng.SuiteRunner.runTest(SuiteRunner.java:384)
	at org.testng.SuiteRunner.access$000(SuiteRunner.java:28)
	at org.testng.SuiteRunner$SuiteWorker.run(SuiteRunner.java:425)
	at org.testng.internal.thread.ThreadUtil.lambda$execute$0(ThreadUtil.java:68)
	at java.util.concurrent.FutureTask.run(FutureTask.java:266)
	at java.util.concurrent.ThreadPoolExecutor.runWorker(ThreadPoolExecutor.java:1149)
	at java.util.concurrent.ThreadPoolExecutor$Worker.run(ThreadPoolExecutor.java:624)
	at java.lang.Thread.run(Thread.java:748)
]]></system-err>
  </testcase>
</testsuite>