<?xml version="1.0" encoding="UTF-8"?>
<testng-results skipped="0" failed="0" ignored="0" total="1" passed="1">
  <reporter-output>
  </reporter-output>
  <suite name="Default suite" duration-ms="33208" started-at="2021-02-26T21:56:42 IST" finished-at="2021-02-26T21:57:16 IST">
    <groups>
    </groups>
    <test name="Default test" duration-ms="33208" started-at="2021-02-26T21:56:42 IST" finished-at="2021-02-26T21:57:16 IST">
      <class name="Academy.E2EProject.newusersignup">
        <test-method status="PASS" signature="initialization()[pri:0, instance:Academy.E2EProject.newusersignup@5bf0d49]" name="initialization" is-config="true" duration-ms="4878" started-at="2021-02-26T21:56:42 IST" finished-at="2021-02-26T21:56:47 IST">
          <reporter-output>
          </reporter-output>
        </test-method> <!-- initialization -->
        <test-method status="PASS" signature="signuppagenavigation()[pri:0, instance:Academy.E2EProject.newusersignup@5bf0d49]" name="signuppagenavigation" duration-ms="27632" started-at="2021-02-26T21:56:47 IST" finished-at="2021-02-26T21:57:15 IST">
          <reporter-output>
          </reporter-output>
        </test-method> <!-- signuppagenavigation -->
        <test-method status="PASS" signature="teardown()[pri:0, instance:Academy.E2EProject.newusersignup@5bf0d49]" name="teardown" is-config="true" duration-ms="587" started-at="2021-02-26T21:57:15 IST" finished-at="2021-02-26T21:57:16 IST">
          <reporter-output>
          </reporter-output>
        </test-method> <!-- teardown -->
      </class> <!-- Academy.E2EProject.newusersignup -->
    </test> <!-- Default test -->
  </suite> <!-- Default suite -->
</testng-results>
